<?xml version="1.0" encoding="UTF-8"?>
<!-- Generated by org.testng.reporters.JUnitReportReporter -->
<testsuite skipped="0" hostname="LAPTOP-BIDVEQPH" name="com.newebay.testcases.HomeTest" tests="1" failures="0" timestamp="07 Nov 2018 17:37:07 GMT" time="12.617" errors="0">
  <testcase name="verifyHomeTitle" time="12.617" classname="com.newebay.testcases.HomeTest"/>
</testsuite> <!-- com.newebay.testcases.HomeTest -->
