<?xml version="1.0" encoding="UTF-8"?>
<!-- Generated by org.testng.reporters.JUnitReportReporter -->
<testsuite skipped="0" hostname="LAPTOP-BIDVEQPH" name="com.newebay.testcases.MotorTest" tests="4" failures="0" timestamp="08 Nov 2018 17:15:09 GMT" time="71.468" errors="0">
  <testcase name="verifyTitleMotor" time="20.896" classname="com.newebay.testcases.MotorTest"/>
  <testcase name="verifyLogoMotor" time="15.264" classname="com.newebay.testcases.MotorTest"/>
  <testcase name="verifyClickOnCar" time="15.704" classname="com.newebay.testcases.MotorTest"/>
  <testcase name="verifySelectYear" time="19.604" classname="com.newebay.testcases.MotorTest"/>
</testsuite> <!-- com.newebay.testcases.MotorTest -->
