<?xml version="1.0" encoding="UTF-8"?>
<!-- Generated by org.testng.reporters.JUnitReportReporter -->
<testsuite skipped="0" hostname="LAPTOP-BIDVEQPH" name="com.newebay.testcases.LoginTest" tests="4" failures="0" timestamp="07 Nov 2018 20:49:55 GMT" time="58.036" errors="0">
  <testcase name="verifyTitle" time="13.139" classname="com.newebay.testcases.LoginTest"/>
  <testcase name="verifyLogo" time="12.830" classname="com.newebay.testcases.LoginTest"/>
  <testcase name="clickOnLogin" time="19.505" classname="com.newebay.testcases.LoginTest"/>
  <testcase name="clickOnLogin" time="12.562" classname="com.newebay.testcases.LoginTest"/>
</testsuite> <!-- com.newebay.testcases.LoginTest -->
