<?xml version="1.0" encoding="UTF-8"?>
<!-- Generated by org.testng.reporters.JUnitReportReporter -->
<testsuite skipped="0" hostname="LAPTOP-BIDVEQPH" name="com.newebay.testcases.MotorTest" tests="1" failures="0" timestamp="08 Nov 2018 18:53:38 GMT" time="18.050" errors="0">
  <testcase name="verifyTitleMotor" time="18.050" classname="com.newebay.testcases.MotorTest"/>
</testsuite> <!-- com.newebay.testcases.MotorTest -->
