<?xml version="1.0" encoding="UTF-8"?>
<!-- Generated by org.testng.reporters.JUnitReportReporter -->
<testsuite skipped="0" hostname="LAPTOP-BIDVEQPH" name="com.newebay.testcases.HomeTest" tests="1" failures="0" timestamp="08 Nov 2018 18:53:38 GMT" time="24.434" errors="0">
  <testcase name="verifyHomeTitle" time="24.434" classname="com.newebay.testcases.HomeTest"/>
</testsuite> <!-- com.newebay.testcases.HomeTest -->
