<?xml version="1.0" encoding="UTF-8"?>
<!-- Generated by org.testng.reporters.JUnitReportReporter -->
<testsuite skipped="0" hostname="LAPTOP-BIDVEQPH" name="com.newebay.testcases.LoginTest" tests="1" failures="0" timestamp="08 Nov 2018 18:53:38 GMT" time="13.634" errors="0">
  <testcase name="verifyTitle" time="13.634" classname="com.newebay.testcases.LoginTest"/>
</testsuite> <!-- com.newebay.testcases.LoginTest -->
